app/build/intermediates/manifest_merge_blame_file/debug/processDebugMainManifest/manifest-merger-blame-debug-report.txt
1<?xml version="1.0" encoding="utf-8"?>
2<manifest xmlns:android="http://schemas.android.com/apk/res/android"
3    package="com.example.hp.scobbydoooo"
4    android:versionCode="1"
5    android:versionName="1.0" >
6
7    <uses-sdk
8        android:minSdkVersion="24"
9        android:targetSdkVersion="35" />
10
11    <uses-permission android:name="android.permission.INTERNET" />
11-->src/main/AndroidManifest.xml:5:5-67
11-->src/main/AndroidManifest.xml:5:22-64
12    <uses-permission android:name="android.permission.ACCESS_WIFI_STATE" />
12-->src/main/AndroidManifest.xml:6:5-76
12-->src/main/AndroidManifest.xml:6:22-73
13    <uses-permission android:name="android.permission.CHANGE_WIFI_MULTICAST_STATE" />
13-->src/main/AndroidManifest.xml:7:5-86
13-->src/main/AndroidManifest.xml:7:22-83
14    <uses-permission android:name="android.permission.ACCESS_NETWORK_STATE" />
14-->src/main/AndroidManifest.xml:8:5-79
14-->src/main/AndroidManifest.xml:8:22-76
15
16    <application
16-->src/main/AndroidManifest.xml:10:5-40:19
17        android:allowBackup="true"
17-->src/main/AndroidManifest.xml:11:9-35
18        android:appComponentFactory="android.support.v4.app.CoreComponentFactory"
18-->[com.android.support:support-compat:28.0.0] AndroidManifest.xml:22:18-91
19        android:debuggable="true"
20        android:extractNativeLibs="false"
21        android:hardwareAccelerated="false"
21-->src/main/AndroidManifest.xml:12:9-44
22        android:icon="@mipmap/ic_launcher"
22-->src/main/AndroidManifest.xml:13:9-43
23        android:label="@string/app_name"
23-->src/main/AndroidManifest.xml:14:9-41
24        android:largeHeap="true"
24-->src/main/AndroidManifest.xml:15:9-33
25        android:roundIcon="@mipmap/ic_launcher_round"
25-->src/main/AndroidManifest.xml:16:9-54
26        android:supportsRtl="true"
26-->src/main/AndroidManifest.xml:17:9-35
27        android:testOnly="true" >
28        <activity
28-->src/main/AndroidManifest.xml:18:9-28:20
29            android:name="com.example.hp.scobbydoooo.Splash_Screen"
29-->src/main/AndroidManifest.xml:19:13-42
30            android:exported="true"
30-->src/main/AndroidManifest.xml:20:13-36
31            android:screenOrientation="fullSensor"
31-->src/main/AndroidManifest.xml:21:13-51
32            android:theme="@style/splash_theme" >
32-->src/main/AndroidManifest.xml:22:13-48
33            <intent-filter>
33-->src/main/AndroidManifest.xml:23:13-27:29
34                <action android:name="android.intent.action.MAIN" />
34-->src/main/AndroidManifest.xml:24:17-69
34-->src/main/AndroidManifest.xml:24:25-66
35
36                <category android:name="android.intent.category.LAUNCHER" />
36-->src/main/AndroidManifest.xml:26:17-77
36-->src/main/AndroidManifest.xml:26:27-74
37            </intent-filter>
38        </activity>
39        <activity
39-->src/main/AndroidManifest.xml:29:9-32:47
40            android:name="com.example.hp.scobbydoooo.Scobby_Doo_Remote"
40-->src/main/AndroidManifest.xml:30:13-46
41            android:screenOrientation="userLandscape"
41-->src/main/AndroidManifest.xml:31:13-54
42            android:theme="@style/AppTheme" />
42-->src/main/AndroidManifest.xml:32:13-44
43        <activity
43-->src/main/AndroidManifest.xml:33:9-36:47
44            android:name="com.example.hp.scobbydoooo.DeviceList"
44-->src/main/AndroidManifest.xml:34:13-39
45            android:screenOrientation="fullSensor"
45-->src/main/AndroidManifest.xml:35:13-51
46            android:theme="@style/AppTheme" />
46-->src/main/AndroidManifest.xml:36:13-44
47        <activity
47-->src/main/AndroidManifest.xml:37:9-39:80
48            android:name="com.example.hp.scobbydoooo.FirstTime"
48-->src/main/AndroidManifest.xml:37:19-44
49            android:screenOrientation="userLandscape"
49-->src/main/AndroidManifest.xml:38:19-60
50            android:theme="@android:style/Theme.Translucent.NoTitleBar" />
50-->src/main/AndroidManifest.xml:39:19-78
51    </application>
52
53</manifest>